[0.043s] DEBUG:colcon:Command line arguments: ['/usr/bin/colcon', 'build']
[0.044s] DEBUG:colcon:Parsed command line arguments: Namespace(log_base=None, log_level=None, verb_name='build', build_base='build', install_base='install', merge_install=False, symlink_install=False, test_result_base=None, continue_on_error=False, executor='parallel', parallel_workers=6, event_handlers=None, ignore_user_meta=False, metas=['./colcon.meta'], base_paths=['.'], packages_ignore=None, packages_ignore_regex=None, paths=None, packages_up_to=None, packages_up_to_regex=None, packages_above=None, packages_above_and_dependencies=None, packages_above_depth=None, packages_select_by_dep=None, packages_skip_by_dep=None, packages_skip_up_to=None, packages_select_build_failed=False, packages_skip_build_finished=False, packages_select_test_failures=False, packages_skip_test_passed=False, packages_select=None, packages_skip=None, packages_select_regex=None, packages_skip_regex=None, packages_start=None, packages_end=None, cmake_args=None, cmake_target=None, cmake_target_skip_unavailable=False, cmake_clean_cache=False, cmake_clean_first=False, cmake_force_configure=False, ament_cmake_args=None, catkin_cmake_args=None, catkin_skip_building_tests=False, verb_parser=<colcon_defaults.argument_parser.defaults.DefaultArgumentsDecorator object at 0xf87ba8065910>, verb_extension=<colcon_core.verb.build.BuildVerb object at 0xf87ba82583b0>, main=<bound method BuildVerb.main of <colcon_core.verb.build.BuildVerb object at 0xf87ba82583b0>>)
[0.106s] Level 1:colcon.colcon_core.package_discovery:discover_packages(colcon_meta) check parameters
[0.106s] Level 1:colcon.colcon_core.package_discovery:discover_packages(recursive) check parameters
[0.106s] Level 1:colcon.colcon_core.package_discovery:discover_packages(ignore) check parameters
[0.106s] Level 1:colcon.colcon_core.package_discovery:discover_packages(path) check parameters
[0.106s] Level 1:colcon.colcon_core.package_discovery:discover_packages(colcon_meta) discover
[0.106s] Level 1:colcon.colcon_core.package_discovery:discover_packages(recursive) discover
[0.106s] INFO:colcon.colcon_core.package_discovery:Crawling recursively for packages in '/home/ros/ws_2_assignments/src'
[0.106s] Level 1:colcon.colcon_core.package_identification:_identify(.) by extensions ['ignore', 'ignore_ament_install']
[0.106s] Level 1:colcon.colcon_core.package_identification:_identify(.) by extension 'ignore'
[0.106s] Level 1:colcon.colcon_core.package_identification:_identify(.) by extension 'ignore_ament_install'
[0.106s] Level 1:colcon.colcon_core.package_identification:_identify(.) by extensions ['colcon_pkg']
[0.106s] Level 1:colcon.colcon_core.package_identification:_identify(.) by extension 'colcon_pkg'
[0.106s] Level 1:colcon.colcon_core.package_identification:_identify(.) by extensions ['colcon_meta']
[0.106s] Level 1:colcon.colcon_core.package_identification:_identify(.) by extension 'colcon_meta'
[0.106s] Level 1:colcon.colcon_core.package_identification:_identify(.) by extensions ['ros']
[0.106s] Level 1:colcon.colcon_core.package_identification:_identify(.) by extension 'ros'
[0.117s] Level 1:colcon.colcon_core.package_identification:_identify(.) by extensions ['cmake', 'python']
[0.117s] Level 1:colcon.colcon_core.package_identification:_identify(.) by extension 'cmake'
[0.117s] Level 1:colcon.colcon_core.package_identification:_identify(.) by extension 'python'
[0.117s] Level 1:colcon.colcon_core.package_identification:_identify(.) by extensions ['python_setup_py']
[0.117s] Level 1:colcon.colcon_core.package_identification:_identify(.) by extension 'python_setup_py'
[0.117s] Level 1:colcon.colcon_core.package_identification:_identify(apriltag_ros1) by extensions ['ignore', 'ignore_ament_install']
[0.117s] Level 1:colcon.colcon_core.package_identification:_identify(apriltag_ros1) by extension 'ignore'
[0.117s] Level 1:colcon.colcon_core.package_identification:_identify(apriltag_ros1) by extension 'ignore_ament_install'
[0.117s] Level 1:colcon.colcon_core.package_identification:_identify(apriltag_ros1) by extensions ['colcon_pkg']
[0.117s] Level 1:colcon.colcon_core.package_identification:_identify(apriltag_ros1) by extension 'colcon_pkg'
[0.117s] Level 1:colcon.colcon_core.package_identification:_identify(apriltag_ros1) by extensions ['colcon_meta']
[0.117s] Level 1:colcon.colcon_core.package_identification:_identify(apriltag_ros1) by extension 'colcon_meta'
[0.117s] Level 1:colcon.colcon_core.package_identification:_identify(apriltag_ros1) by extensions ['ros']
[0.117s] Level 1:colcon.colcon_core.package_identification:_identify(apriltag_ros1) by extension 'ros'
[0.119s] DEBUG:colcon.colcon_core.package_identification:Package 'apriltag_ros1' with type 'ros.ament_cmake' and name 'apriltag_ros'
[0.119s] Level 1:colcon.colcon_core.package_identification:_identify(build) by extensions ['ignore', 'ignore_ament_install']
[0.119s] Level 1:colcon.colcon_core.package_identification:_identify(build) by extension 'ignore'
[0.119s] Level 1:colcon.colcon_core.package_identification:_identify(build) ignored
[0.119s] Level 1:colcon.colcon_core.package_identification:_identify(install) by extensions ['ignore', 'ignore_ament_install']
[0.119s] Level 1:colcon.colcon_core.package_identification:_identify(install) by extension 'ignore'
[0.119s] Level 1:colcon.colcon_core.package_identification:_identify(install) ignored
[0.119s] Level 1:colcon.colcon_core.package_identification:_identify(ir_2526) by extensions ['ignore', 'ignore_ament_install']
[0.119s] Level 1:colcon.colcon_core.package_identification:_identify(ir_2526) by extension 'ignore'
[0.119s] Level 1:colcon.colcon_core.package_identification:_identify(ir_2526) by extension 'ignore_ament_install'
[0.119s] Level 1:colcon.colcon_core.package_identification:_identify(ir_2526) by extensions ['colcon_pkg']
[0.119s] Level 1:colcon.colcon_core.package_identification:_identify(ir_2526) by extension 'colcon_pkg'
[0.119s] Level 1:colcon.colcon_core.package_identification:_identify(ir_2526) by extensions ['colcon_meta']
[0.119s] Level 1:colcon.colcon_core.package_identification:_identify(ir_2526) by extension 'colcon_meta'
[0.119s] Level 1:colcon.colcon_core.package_identification:_identify(ir_2526) by extensions ['ros']
[0.119s] Level 1:colcon.colcon_core.package_identification:_identify(ir_2526) by extension 'ros'
[0.119s] Level 1:colcon.colcon_core.package_identification:_identify(ir_2526) by extensions ['cmake', 'python']
[0.119s] Level 1:colcon.colcon_core.package_identification:_identify(ir_2526) by extension 'cmake'
[0.119s] Level 1:colcon.colcon_core.package_identification:_identify(ir_2526) by extension 'python'
[0.119s] Level 1:colcon.colcon_core.package_identification:_identify(ir_2526) by extensions ['python_setup_py']
[0.119s] Level 1:colcon.colcon_core.package_identification:_identify(ir_2526) by extension 'python_setup_py'
[0.119s] Level 1:colcon.colcon_core.package_identification:_identify(ir_2526/apriltag_ros) by extensions ['ignore', 'ignore_ament_install']
[0.119s] Level 1:colcon.colcon_core.package_identification:_identify(ir_2526/apriltag_ros) by extension 'ignore'
[0.119s] Level 1:colcon.colcon_core.package_identification:_identify(ir_2526/apriltag_ros) by extension 'ignore_ament_install'
[0.119s] Level 1:colcon.colcon_core.package_identification:_identify(ir_2526/apriltag_ros) by extensions ['colcon_pkg']
[0.119s] Level 1:colcon.colcon_core.package_identification:_identify(ir_2526/apriltag_ros) by extension 'colcon_pkg'
[0.119s] Level 1:colcon.colcon_core.package_identification:_identify(ir_2526/apriltag_ros) by extensions ['colcon_meta']
[0.119s] Level 1:colcon.colcon_core.package_identification:_identify(ir_2526/apriltag_ros) by extension 'colcon_meta'
[0.119s] Level 1:colcon.colcon_core.package_identification:_identify(ir_2526/apriltag_ros) by extensions ['ros']
[0.119s] Level 1:colcon.colcon_core.package_identification:_identify(ir_2526/apriltag_ros) by extension 'ros'
[0.120s] DEBUG:colcon.colcon_core.package_identification:Package 'ir_2526/apriltag_ros' with type 'ros.ament_cmake' and name 'apriltag_ros'
[0.120s] Level 1:colcon.colcon_core.package_identification:_identify(ir_2526/ir_base) by extensions ['ignore', 'ignore_ament_install']
[0.120s] Level 1:colcon.colcon_core.package_identification:_identify(ir_2526/ir_base) by extension 'ignore'
[0.120s] Level 1:colcon.colcon_core.package_identification:_identify(ir_2526/ir_base) by extension 'ignore_ament_install'
[0.120s] Level 1:colcon.colcon_core.package_identification:_identify(ir_2526/ir_base) by extensions ['colcon_pkg']
[0.120s] Level 1:colcon.colcon_core.package_identification:_identify(ir_2526/ir_base) by extension 'colcon_pkg'
[0.120s] Level 1:colcon.colcon_core.package_identification:_identify(ir_2526/ir_base) by extensions ['colcon_meta']
[0.120s] Level 1:colcon.colcon_core.package_identification:_identify(ir_2526/ir_base) by extension 'colcon_meta'
[0.120s] Level 1:colcon.colcon_core.package_identification:_identify(ir_2526/ir_base) by extensions ['ros']
[0.120s] Level 1:colcon.colcon_core.package_identification:_identify(ir_2526/ir_base) by extension 'ros'
[0.120s] DEBUG:colcon.colcon_core.package_identification:Package 'ir_2526/ir_base' with type 'ros.ament_cmake' and name 'ir_base'
[0.120s] Level 1:colcon.colcon_core.package_identification:_identify(ir_2526/ir_desription) by extensions ['ignore', 'ignore_ament_install']
[0.120s] Level 1:colcon.colcon_core.package_identification:_identify(ir_2526/ir_desription) by extension 'ignore'
[0.120s] Level 1:colcon.colcon_core.package_identification:_identify(ir_2526/ir_desription) by extension 'ignore_ament_install'
[0.120s] Level 1:colcon.colcon_core.package_identification:_identify(ir_2526/ir_desription) by extensions ['colcon_pkg']
[0.120s] Level 1:colcon.colcon_core.package_identification:_identify(ir_2526/ir_desription) by extension 'colcon_pkg'
[0.120s] Level 1:colcon.colcon_core.package_identification:_identify(ir_2526/ir_desription) by extensions ['colcon_meta']
[0.120s] Level 1:colcon.colcon_core.package_identification:_identify(ir_2526/ir_desription) by extension 'colcon_meta'
[0.120s] Level 1:colcon.colcon_core.package_identification:_identify(ir_2526/ir_desription) by extensions ['ros']
[0.120s] Level 1:colcon.colcon_core.package_identification:_identify(ir_2526/ir_desription) by extension 'ros'
[0.120s] DEBUG:colcon.colcon_core.package_identification:Package 'ir_2526/ir_desription' with type 'ros.ament_cmake' and name 'ir_desription'
[0.120s] Level 1:colcon.colcon_core.package_identification:_identify(ir_2526/ir_launch) by extensions ['ignore', 'ignore_ament_install']
[0.120s] Level 1:colcon.colcon_core.package_identification:_identify(ir_2526/ir_launch) by extension 'ignore'
[0.120s] Level 1:colcon.colcon_core.package_identification:_identify(ir_2526/ir_launch) by extension 'ignore_ament_install'
[0.121s] Level 1:colcon.colcon_core.package_identification:_identify(ir_2526/ir_launch) by extensions ['colcon_pkg']
[0.121s] Level 1:colcon.colcon_core.package_identification:_identify(ir_2526/ir_launch) by extension 'colcon_pkg'
[0.121s] Level 1:colcon.colcon_core.package_identification:_identify(ir_2526/ir_launch) by extensions ['colcon_meta']
[0.121s] Level 1:colcon.colcon_core.package_identification:_identify(ir_2526/ir_launch) by extension 'colcon_meta'
[0.121s] Level 1:colcon.colcon_core.package_identification:_identify(ir_2526/ir_launch) by extensions ['ros']
[0.121s] Level 1:colcon.colcon_core.package_identification:_identify(ir_2526/ir_launch) by extension 'ros'
[0.121s] DEBUG:colcon.colcon_core.package_identification:Package 'ir_2526/ir_launch' with type 'ros.ament_cmake' and name 'ir_launch'
[0.121s] Level 1:colcon.colcon_core.package_identification:_identify(ir_2526/ir_movit_config) by extensions ['ignore', 'ignore_ament_install']
[0.121s] Level 1:colcon.colcon_core.package_identification:_identify(ir_2526/ir_movit_config) by extension 'ignore'
[0.121s] Level 1:colcon.colcon_core.package_identification:_identify(ir_2526/ir_movit_config) by extension 'ignore_ament_install'
[0.121s] Level 1:colcon.colcon_core.package_identification:_identify(ir_2526/ir_movit_config) by extensions ['colcon_pkg']
[0.121s] Level 1:colcon.colcon_core.package_identification:_identify(ir_2526/ir_movit_config) by extension 'colcon_pkg'
[0.121s] Level 1:colcon.colcon_core.package_identification:_identify(ir_2526/ir_movit_config) by extensions ['colcon_meta']
[0.121s] Level 1:colcon.colcon_core.package_identification:_identify(ir_2526/ir_movit_config) by extension 'colcon_meta'
[0.121s] Level 1:colcon.colcon_core.package_identification:_identify(ir_2526/ir_movit_config) by extensions ['ros']
[0.121s] Level 1:colcon.colcon_core.package_identification:_identify(ir_2526/ir_movit_config) by extension 'ros'
[0.121s] DEBUG:colcon.colcon_core.package_identification:Package 'ir_2526/ir_movit_config' with type 'ros.ament_cmake' and name 'ir_movit_config'
[0.121s] Level 1:colcon.colcon_core.package_identification:_identify(log) by extensions ['ignore', 'ignore_ament_install']
[0.121s] Level 1:colcon.colcon_core.package_identification:_identify(log) by extension 'ignore'
[0.121s] Level 1:colcon.colcon_core.package_identification:_identify(log) ignored
[0.121s] Level 1:colcon.colcon_core.package_identification:_identify(two_assignament_1) by extensions ['ignore', 'ignore_ament_install']
[0.121s] Level 1:colcon.colcon_core.package_identification:_identify(two_assignament_1) by extension 'ignore'
[0.121s] Level 1:colcon.colcon_core.package_identification:_identify(two_assignament_1) by extension 'ignore_ament_install'
[0.121s] Level 1:colcon.colcon_core.package_identification:_identify(two_assignament_1) by extensions ['colcon_pkg']
[0.121s] Level 1:colcon.colcon_core.package_identification:_identify(two_assignament_1) by extension 'colcon_pkg'
[0.121s] Level 1:colcon.colcon_core.package_identification:_identify(two_assignament_1) by extensions ['colcon_meta']
[0.121s] Level 1:colcon.colcon_core.package_identification:_identify(two_assignament_1) by extension 'colcon_meta'
[0.121s] Level 1:colcon.colcon_core.package_identification:_identify(two_assignament_1) by extensions ['ros']
[0.121s] Level 1:colcon.colcon_core.package_identification:_identify(two_assignament_1) by extension 'ros'
[0.121s] DEBUG:colcon.colcon_core.package_identification:Package 'two_assignament_1' with type 'ros.ament_cmake' and name 'two_assignament_1'
[0.122s] Level 1:colcon.colcon_core.package_discovery:discover_packages(recursive) using defaults
[0.122s] Level 1:colcon.colcon_core.package_discovery:discover_packages(ignore) discover
[0.122s] Level 1:colcon.colcon_core.package_discovery:discover_packages(ignore) using defaults
[0.122s] Level 1:colcon.colcon_core.package_discovery:discover_packages(path) discover
[0.122s] Level 1:colcon.colcon_core.package_discovery:discover_packages(path) using defaults
[0.129s] ERROR:colcon:colcon build: Duplicate package names not supported:
- apriltag_ros:
  - apriltag_ros1
  - ir_2526/apriltag_ros
